mode: set
dashboard/cmd/api/routes/internal/clients/clients.go:16.42,18.16 2 0
dashboard/cmd/api/routes/internal/clients/clients.go:18.16,21.3 2 0
dashboard/cmd/api/routes/internal/clients/clients.go:22.2,22.17 1 0
dashboard/cmd/api/routes/internal/clients/clients.go:26.47,28.2 1 0
dashboard/cmd/api/routes/internal/clients/clients.go:31.65,33.2 1 0
dashboard/cmd/api/routes/internal/clients/clients.go:36.61,38.2 1 0
dashboard/cmd/api/routes/internal/clients/clients.go:40.61,42.2 1 0
dashboard/cmd/api/routes/main.go:14.13,16.16 2 0
dashboard/cmd/api/routes/main.go:16.16,18.3 1 0
dashboard/cmd/api/routes/main.go:20.2,28.56 6 0
dashboard/cmd/api/routes/main.go:28.56,30.3 1 0
dashboard/cmd/api/routes/internal/handlerAwsEfficiency/awsEfficiency.go:30.13,32.16 2 0
dashboard/cmd/api/routes/internal/handlerAwsEfficiency/awsEfficiency.go:32.16,34.3 1 0
dashboard/cmd/api/routes/internal/handlerAwsEfficiency/awsEfficiency.go:36.2,39.53 4 0
dashboard/cmd/api/routes/internal/handlerAwsEfficiency/awsEfficiency.go:42.194,45.16 3 0
dashboard/cmd/api/routes/internal/handlerAwsEfficiency/awsEfficiency.go:45.16,47.3 1 0
dashboard/cmd/api/routes/internal/handlerAwsEfficiency/awsEfficiency.go:56.2,57.16 2 0
dashboard/cmd/api/routes/internal/handlerAwsEfficiency/awsEfficiency.go:57.16,60.3 1 0
dashboard/cmd/api/routes/internal/handlerAwsEfficiency/awsEfficiency.go:65.2,70.16 4 0
dashboard/cmd/api/routes/internal/handlerAwsEfficiency/awsEfficiency.go:70.16,73.3 2 0
dashboard/cmd/api/routes/internal/handlerAwsEfficiency/awsEfficiency.go:76.2,77.16 2 0
dashboard/cmd/api/routes/internal/handlerAwsEfficiency/awsEfficiency.go:77.16,80.3 2 0
dashboard/cmd/api/routes/internal/handlerAwsEfficiency/awsEfficiency.go:81.2,95.8 6 0
dashboard/cmd/api/routes/internal/handlerAwsEfficiency/awsEfficiency.go:98.56,99.77 1 0
dashboard/cmd/api/routes/internal/handlerAwsEfficiency/awsEfficiency.go:99.77,103.3 2 0
dashboard/cmd/api/routes/internal/handlerAwsEfficiency/awsEfficiency.go:104.2,104.11 1 0
dashboard/cmd/api/routes/internal/handlerAwsEfficiency/awsEfficiency.go:107.67,109.16 2 0
dashboard/cmd/api/routes/internal/handlerAwsEfficiency/awsEfficiency.go:109.16,112.3 2 0
dashboard/cmd/api/routes/internal/handlerAwsEfficiency/awsEfficiency.go:114.2,118.80 2 0
dashboard/cmd/api/routes/internal/handlerAwsEfficiency/awsEfficiency.go:118.80,121.3 2 0
dashboard/cmd/api/routes/internal/handlerAwsEfficiency/awsEfficiency.go:124.69,126.22 2 0
dashboard/cmd/api/routes/internal/handlerAwsEfficiency/awsEfficiency.go:126.22,129.3 2 0
dashboard/cmd/api/routes/internal/handlerAwsEfficiency/awsEfficiency.go:131.2,132.16 2 0
dashboard/cmd/api/routes/internal/handlerAwsEfficiency/awsEfficiency.go:132.16,135.29 2 0
dashboard/cmd/api/routes/internal/handlerAwsEfficiency/awsEfficiency.go:135.29,139.4 3 0
dashboard/cmd/api/routes/internal/handlerAwsEfficiency/awsEfficiency.go:140.3,141.9 2 0
dashboard/cmd/api/routes/internal/handlerAwsEfficiency/awsEfficiency.go:144.2,145.67 2 0
dashboard/cmd/api/routes/internal/handlerAwsEfficiency/awsEfficiency.go:145.67,149.3 3 0
dashboard/cmd/api/routes/internal/handlerAwsEfficiency/awsEfficiency.go:150.2,151.123 2 0
dashboard/cmd/api/routes/config/config.go:18.65,20.16 2 1
dashboard/cmd/api/routes/config/config.go:20.16,22.3 1 1
dashboard/cmd/api/routes/config/config.go:23.2,23.47 1 1
dashboard/cmd/api/routes/config/config.go:28.36,32.16 3 1
dashboard/cmd/api/routes/config/config.go:32.16,34.3 1 1
dashboard/cmd/api/routes/config/config.go:36.2,41.16 3 1
dashboard/cmd/api/routes/config/config.go:41.16,43.3 1 1
dashboard/cmd/api/routes/config/config.go:45.2,49.16 4 1
dashboard/cmd/api/routes/config/config.go:49.16,51.3 1 1
dashboard/cmd/api/routes/config/config.go:53.2,53.20 1 1
dashboard/cmd/api/routes/internal/database/db.go:20.79,20.111 1 0
dashboard/cmd/api/routes/internal/database/db.go:21.106,23.3 1 1
dashboard/cmd/api/routes/internal/database/db.go:26.39,32.16 5 1
dashboard/cmd/api/routes/internal/database/db.go:32.16,34.3 1 1
dashboard/cmd/api/routes/internal/database/db.go:36.2,37.16 2 1
dashboard/cmd/api/routes/internal/database/db.go:37.16,39.3 1 1
dashboard/cmd/api/routes/internal/database/db.go:41.2,46.12 5 1
dashboard/cmd/api/routes/internal/helpers/cloudTrailHelper.go:13.115,29.16 5 0
dashboard/cmd/api/routes/internal/helpers/cloudTrailHelper.go:29.16,31.3 1 0
dashboard/cmd/api/routes/internal/helpers/cloudTrailHelper.go:33.2,33.26 1 0
dashboard/cmd/api/routes/internal/helpers/cloudTrailHelper.go:33.26,36.3 1 0
dashboard/cmd/api/routes/internal/helpers/cloudTrailHelper.go:39.2,39.25 1 0
dashboard/cmd/api/routes/internal/helpers/cloudWatch.go:42.109,49.33 5 0
dashboard/cmd/api/routes/internal/helpers/cloudWatch.go:49.33,51.17 2 0
dashboard/cmd/api/routes/internal/helpers/cloudWatch.go:51.17,53.12 2 0
dashboard/cmd/api/routes/internal/helpers/cloudWatch.go:55.3,55.38 1 0
dashboard/cmd/api/routes/internal/helpers/cloudWatch.go:55.38,58.4 2 0
dashboard/cmd/api/routes/internal/helpers/cloudWatch.go:61.2,61.29 1 0
dashboard/cmd/api/routes/internal/helpers/cloudWatch.go:61.29,63.3 1 0
dashboard/cmd/api/routes/internal/helpers/cloudWatch.go:65.2,65.28 1 0
dashboard/cmd/api/routes/internal/helpers/cloudWatch.go:68.155,95.16 3 0
dashboard/cmd/api/routes/internal/helpers/cloudWatch.go:95.16,98.3 2 0
dashboard/cmd/api/routes/internal/helpers/cloudWatch.go:100.2,101.54 2 0
dashboard/cmd/api/routes/internal/helpers/cloudWatch.go:101.54,103.51 2 0
dashboard/cmd/api/routes/internal/helpers/cloudWatch.go:103.51,105.83 2 0
dashboard/cmd/api/routes/internal/helpers/cloudWatch.go:105.83,107.5 1 0
dashboard/cmd/api/routes/internal/helpers/cloudWatch.go:111.2,111.30 1 0
dashboard/cmd/api/routes/internal/helpers/cloudWatch.go:111.30,114.3 2 0
dashboard/cmd/api/routes/internal/helpers/cloudWatch.go:116.2,117.29 2 0
dashboard/cmd/api/routes/internal/helpers/costExplorerHelper.go:15.120,45.18 5 0
dashboard/cmd/api/routes/internal/helpers/costExplorerHelper.go:45.18,52.3 1 0
dashboard/cmd/api/routes/internal/helpers/costExplorerHelper.go:54.2,56.16 3 0
dashboard/cmd/api/routes/internal/helpers/costExplorerHelper.go:56.16,58.3 1 0
dashboard/cmd/api/routes/internal/helpers/costExplorerHelper.go:59.2,62.39 3 0
dashboard/cmd/api/routes/internal/helpers/costExplorerHelper.go:62.39,63.57 1 0
dashboard/cmd/api/routes/internal/helpers/costExplorerHelper.go:63.57,64.46 1 0
dashboard/cmd/api/routes/internal/helpers/costExplorerHelper.go:64.46,67.5 2 0
dashboard/cmd/api/routes/internal/helpers/costExplorerHelper.go:70.2,72.23 2 0
dashboard/cmd/api/routes/internal/helpers/decodeMongoCursor.go:35.75,37.23 2 1
dashboard/cmd/api/routes/internal/helpers/decodeMongoCursor.go:37.23,39.48 2 1
dashboard/cmd/api/routes/internal/helpers/decodeMongoCursor.go:39.48,41.4 1 1
dashboard/cmd/api/routes/internal/helpers/decodeMongoCursor.go:42.3,42.36 1 1
dashboard/cmd/api/routes/internal/helpers/decodeMongoCursor.go:44.2,44.21 1 1
dashboard/cmd/api/routes/internal/helpers/ec2Helper.go:13.61,16.16 3 0
dashboard/cmd/api/routes/internal/helpers/ec2Helper.go:16.16,18.3 1 0
dashboard/cmd/api/routes/internal/helpers/ec2Helper.go:20.2,21.50 2 0
dashboard/cmd/api/routes/internal/helpers/ec2Helper.go:21.50,22.50 1 0
dashboard/cmd/api/routes/internal/helpers/ec2Helper.go:22.50,24.4 1 0
dashboard/cmd/api/routes/internal/helpers/ec2Helper.go:26.2,26.25 1 0
dashboard/cmd/api/routes/internal/helpers/ec2Helper.go:29.97,34.16 3 0
dashboard/cmd/api/routes/internal/helpers/ec2Helper.go:34.16,37.3 2 0
dashboard/cmd/api/routes/internal/helpers/ec2Helper.go:38.2,38.95 1 0
dashboard/cmd/api/routes/internal/helpers/ec2Helper.go:38.95,40.3 1 0
dashboard/cmd/api/routes/internal/helpers/ec2Helper.go:41.2,41.17 1 0
dashboard/cmd/api/routes/internal/helpers/htmlTemplateHelper.go:13.95,15.3 1 1
dashboard/cmd/api/routes/internal/helpers/htmlTemplateHelper.go:19.89,21.16 2 1
dashboard/cmd/api/routes/internal/helpers/htmlTemplateHelper.go:21.16,23.3 1 1
dashboard/cmd/api/routes/internal/helpers/htmlTemplateHelper.go:25.2,26.16 2 1
dashboard/cmd/api/routes/internal/helpers/htmlTemplateHelper.go:26.16,28.3 1 1
dashboard/cmd/api/routes/internal/helpers/htmlTemplateHelper.go:30.2,30.55 1 1
dashboard/cmd/api/routes/internal/helpers/htmlTemplateHelper.go:30.55,32.3 1 1
dashboard/cmd/api/routes/internal/helpers/htmlTemplateHelper.go:34.2,34.12 1 1
dashboard/cmd/api/routes/internal/handlersAws/awsHandler.go:81.100,92.16 4 0
dashboard/cmd/api/routes/internal/handlersAws/awsHandler.go:92.16,94.3 1 0
dashboard/cmd/api/routes/internal/handlersAws/awsHandler.go:95.2,97.77 2 0
dashboard/cmd/api/routes/internal/handlersAws/awsHandler.go:100.64,107.24 5 0
dashboard/cmd/api/routes/internal/handlersAws/awsHandler.go:107.24,111.3 3 0
dashboard/cmd/api/routes/internal/handlersAws/awsHandler.go:111.8,115.3 2 0
dashboard/cmd/api/routes/internal/handlersAws/awsHandler.go:117.2,118.16 2 0
dashboard/cmd/api/routes/internal/handlersAws/awsHandler.go:118.16,121.3 2 0
dashboard/cmd/api/routes/internal/handlersAws/awsHandler.go:123.2,133.82 3 0
dashboard/cmd/api/routes/internal/handlersAws/awsHandler.go:133.82,136.3 2 0
dashboard/cmd/api/routes/internal/handlersAws/awsHomeHandler.go:9.61,17.82 3 1
dashboard/cmd/api/routes/internal/handlersAws/awsHomeHandler.go:17.82,20.3 2 1
dashboard/cmd/api/routes/internal/handlersAws/test_utils.go:20.161,23.2 2 1
dashboard/cmd/api/routes/internal/clients/clients.go:16.42,18.16 2 1
dashboard/cmd/api/routes/internal/clients/clients.go:18.16,21.3 2 0
dashboard/cmd/api/routes/internal/clients/clients.go:22.2,22.17 1 1
dashboard/cmd/api/routes/internal/clients/clients.go:26.47,28.2 1 1
dashboard/cmd/api/routes/internal/clients/clients.go:31.65,33.2 1 1
dashboard/cmd/api/routes/internal/clients/clients.go:36.61,38.2 1 1
dashboard/cmd/api/routes/internal/clients/clients.go:40.61,42.2 1 1
dashboard/cmd/api/routes/internal/handlerAwsEfficiency/awsEfficiency.go:30.13,32.16 2 1
dashboard/cmd/api/routes/internal/handlerAwsEfficiency/awsEfficiency.go:32.16,34.3 1 0
dashboard/cmd/api/routes/internal/handlerAwsEfficiency/awsEfficiency.go:36.2,39.53 4 1
dashboard/cmd/api/routes/internal/handlerAwsEfficiency/awsEfficiency.go:42.194,45.16 3 0
dashboard/cmd/api/routes/internal/handlerAwsEfficiency/awsEfficiency.go:45.16,47.3 1 0
dashboard/cmd/api/routes/internal/handlerAwsEfficiency/awsEfficiency.go:56.2,57.16 2 0
dashboard/cmd/api/routes/internal/handlerAwsEfficiency/awsEfficiency.go:57.16,60.3 1 0
dashboard/cmd/api/routes/internal/handlerAwsEfficiency/awsEfficiency.go:65.2,70.16 4 0
dashboard/cmd/api/routes/internal/handlerAwsEfficiency/awsEfficiency.go:70.16,73.3 2 0
dashboard/cmd/api/routes/internal/handlerAwsEfficiency/awsEfficiency.go:76.2,77.16 2 0
dashboard/cmd/api/routes/internal/handlerAwsEfficiency/awsEfficiency.go:77.16,80.3 2 0
dashboard/cmd/api/routes/internal/handlerAwsEfficiency/awsEfficiency.go:81.2,95.8 6 0
dashboard/cmd/api/routes/internal/handlerAwsEfficiency/awsEfficiency.go:98.56,99.77 1 0
dashboard/cmd/api/routes/internal/handlerAwsEfficiency/awsEfficiency.go:99.77,103.3 2 0
dashboard/cmd/api/routes/internal/handlerAwsEfficiency/awsEfficiency.go:104.2,104.11 1 0
dashboard/cmd/api/routes/internal/handlerAwsEfficiency/awsEfficiency.go:107.67,109.16 2 0
dashboard/cmd/api/routes/internal/handlerAwsEfficiency/awsEfficiency.go:109.16,112.3 2 0
dashboard/cmd/api/routes/internal/handlerAwsEfficiency/awsEfficiency.go:114.2,118.80 2 0
dashboard/cmd/api/routes/internal/handlerAwsEfficiency/awsEfficiency.go:118.80,121.3 2 0
dashboard/cmd/api/routes/internal/handlerAwsEfficiency/awsEfficiency.go:124.69,126.22 2 0
dashboard/cmd/api/routes/internal/handlerAwsEfficiency/awsEfficiency.go:126.22,129.3 2 0
dashboard/cmd/api/routes/internal/handlerAwsEfficiency/awsEfficiency.go:131.2,132.16 2 0
dashboard/cmd/api/routes/internal/handlerAwsEfficiency/awsEfficiency.go:132.16,135.29 2 0
dashboard/cmd/api/routes/internal/handlerAwsEfficiency/awsEfficiency.go:135.29,139.4 3 0
dashboard/cmd/api/routes/internal/handlerAwsEfficiency/awsEfficiency.go:140.3,141.9 2 0
dashboard/cmd/api/routes/internal/handlerAwsEfficiency/awsEfficiency.go:144.2,145.67 2 0
dashboard/cmd/api/routes/internal/handlerAwsEfficiency/awsEfficiency.go:145.67,149.3 3 0
dashboard/cmd/api/routes/internal/handlerAwsEfficiency/awsEfficiency.go:150.2,151.123 2 0
dashboard/cmd/api/routes/internal/routes/routes.go:17.31,30.2 9 1
dashboard/cmd/api/routes/internal/routes/routes.go:32.30,36.2 3 1
dashboard/cmd/api/routes/internal/handlers/gitAuthorsHandler.go:15.47,16.33 1 1
dashboard/cmd/api/routes/internal/handlers/gitAuthorsHandler.go:16.33,18.3 1 1
dashboard/cmd/api/routes/internal/handlers/gitAuthorsHandler.go:20.2,21.16 2 1
dashboard/cmd/api/routes/internal/handlers/gitAuthorsHandler.go:21.16,23.3 1 1
dashboard/cmd/api/routes/internal/handlers/gitAuthorsHandler.go:25.2,26.32 2 1
dashboard/cmd/api/routes/internal/handlers/gitAuthorsHandler.go:26.32,27.43 1 1
dashboard/cmd/api/routes/internal/handlers/gitAuthorsHandler.go:27.43,29.4 1 1
dashboard/cmd/api/routes/internal/handlers/gitAuthorsHandler.go:29.9,31.4 1 1
dashboard/cmd/api/routes/internal/handlers/gitAuthorsHandler.go:33.2,33.21 1 1
dashboard/cmd/api/routes/internal/handlers/gitAuthorsHandler.go:37.64,39.16 2 1
dashboard/cmd/api/routes/internal/handlers/gitAuthorsHandler.go:39.16,42.3 2 1
dashboard/cmd/api/routes/internal/handlers/gitAuthorsHandler.go:44.2,50.82 2 1
dashboard/cmd/api/routes/internal/handlers/gitAuthorsHandler.go:50.82,53.3 2 1
dashboard/cmd/api/routes/internal/handlers/gitHandler.go:15.96,17.24 2 1
dashboard/cmd/api/routes/internal/handlers/gitHandler.go:17.24,19.3 1 1
dashboard/cmd/api/routes/internal/handlers/gitHandler.go:20.2,20.24 1 1
dashboard/cmd/api/routes/internal/handlers/gitHandler.go:20.24,22.3 1 1
dashboard/cmd/api/routes/internal/handlers/gitHandler.go:23.2,26.16 3 1
dashboard/cmd/api/routes/internal/handlers/gitHandler.go:26.16,28.3 1 0
dashboard/cmd/api/routes/internal/handlers/gitHandler.go:29.2,31.77 2 1
dashboard/cmd/api/routes/internal/handlers/gitHandler.go:34.64,39.28 5 1
dashboard/cmd/api/routes/internal/handlers/gitHandler.go:39.28,41.3 1 1
dashboard/cmd/api/routes/internal/handlers/gitHandler.go:43.2,47.16 4 1
dashboard/cmd/api/routes/internal/handlers/gitHandler.go:47.16,50.3 2 0
dashboard/cmd/api/routes/internal/handlers/gitHandler.go:53.2,53.25 1 1
dashboard/cmd/api/routes/internal/handlers/gitHandler.go:53.25,55.3 1 1
dashboard/cmd/api/routes/internal/handlers/gitHandler.go:58.2,69.78 2 1
dashboard/cmd/api/routes/internal/handlers/gitHandler.go:69.78,72.3 2 1
dashboard/cmd/api/routes/internal/handlers/gitHomeHandler.go:15.61,17.16 2 1
dashboard/cmd/api/routes/internal/handlers/gitHomeHandler.go:17.16,20.3 2 1
dashboard/cmd/api/routes/internal/handlers/gitHomeHandler.go:22.2,23.16 2 1
dashboard/cmd/api/routes/internal/handlers/gitHomeHandler.go:23.16,26.3 2 1
dashboard/cmd/api/routes/internal/handlers/gitHomeHandler.go:28.2,34.70 2 1
dashboard/cmd/api/routes/internal/handlers/gitHomeHandler.go:34.70,37.3 2 1
dashboard/cmd/api/routes/internal/handlers/gitRepoAuthorsHandler.go:12.60,13.33 1 1
dashboard/cmd/api/routes/internal/handlers/gitRepoAuthorsHandler.go:13.33,15.3 1 1
dashboard/cmd/api/routes/internal/handlers/gitRepoAuthorsHandler.go:17.2,19.16 3 1
dashboard/cmd/api/routes/internal/handlers/gitRepoAuthorsHandler.go:19.16,21.3 1 1
dashboard/cmd/api/routes/internal/handlers/gitRepoAuthorsHandler.go:23.2,24.32 2 1
dashboard/cmd/api/routes/internal/handlers/gitRepoAuthorsHandler.go:24.32,25.43 1 1
dashboard/cmd/api/routes/internal/handlers/gitRepoAuthorsHandler.go:25.43,27.4 1 1
dashboard/cmd/api/routes/internal/handlers/gitRepoAuthorsHandler.go:27.9,29.4 1 1
dashboard/cmd/api/routes/internal/handlers/gitRepoAuthorsHandler.go:31.2,31.21 1 1
dashboard/cmd/api/routes/internal/handlers/gitRepoAuthorsHandler.go:34.70,36.20 2 1
dashboard/cmd/api/routes/internal/handlers/gitRepoAuthorsHandler.go:36.20,39.3 2 1
dashboard/cmd/api/routes/internal/handlers/gitRepoAuthorsHandler.go:41.2,42.16 2 1
dashboard/cmd/api/routes/internal/handlers/gitRepoAuthorsHandler.go:42.16,45.3 2 1
dashboard/cmd/api/routes/internal/handlers/gitRepoAuthorsHandler.go:47.2,48.59 2 1
dashboard/cmd/api/routes/internal/handlers/gitRepoAuthorsHandler.go:48.59,51.3 2 0
dashboard/cmd/api/routes/internal/handlers/gitReposHandler.go:13.52,14.33 1 1
dashboard/cmd/api/routes/internal/handlers/gitReposHandler.go:14.33,16.3 1 1
dashboard/cmd/api/routes/internal/handlers/gitReposHandler.go:18.2,19.16 2 1
dashboard/cmd/api/routes/internal/handlers/gitReposHandler.go:19.16,21.3 1 1
dashboard/cmd/api/routes/internal/handlers/gitReposHandler.go:23.2,24.30 2 1
dashboard/cmd/api/routes/internal/handlers/gitReposHandler.go:24.30,25.39 1 1
dashboard/cmd/api/routes/internal/handlers/gitReposHandler.go:25.39,27.4 1 1
dashboard/cmd/api/routes/internal/handlers/gitReposHandler.go:27.9,29.4 1 1
dashboard/cmd/api/routes/internal/handlers/gitReposHandler.go:31.2,31.19 1 1
dashboard/cmd/api/routes/internal/handlers/gitReposHandler.go:35.62,37.16 2 1
dashboard/cmd/api/routes/internal/handlers/gitReposHandler.go:37.16,40.3 2 1
dashboard/cmd/api/routes/internal/handlers/gitReposHandler.go:42.2,48.82 2 1
dashboard/cmd/api/routes/internal/handlers/gitReposHandler.go:48.82,51.3 2 1
dashboard/cmd/api/routes/internal/handlers/test_utils.go:20.161,23.2 2 1
